vite v7.1.7 building for production...
transforming...
✓ 3921 modules transformed.
rendering chunks...
computing gzip size...
docs/index.html                                       1.06 kB │ gzip:   0.44 kB
docs/assets/index-pP7BvH1n.css                      158.65 kB │ gzip:  22.68 kB
docs/assets/utils-BeLtu-UY.js                         0.42 kB │ gzip:   0.28 kB │ map:      1.13 kB
docs/assets/ModernCard-CGFwzC7C.js                    0.57 kB │ gzip:   0.39 kB │ map:      1.59 kB
docs/assets/Progress-Cx66Hve2.js                      0.66 kB │ gzip:   0.44 kB │ map:      1.89 kB
docs/assets/SlimBadge-hjiAXbOR.js                     0.99 kB │ gzip:   0.47 kB │ map:      1.89 kB
docs/assets/Card-D56lY9en.js                          1.40 kB │ gzip:   0.62 kB │ map:      3.85 kB
docs/assets/training-C2WLT-_g.js                      4.85 kB │ gzip:   1.49 kB │ map:     18.69 kB
docs/assets/ModelsPage-Yt5W84Wz.js                    7.14 kB │ gzip:   2.47 kB │ map:     27.24 kB
docs/assets/TeamPage-C2fxhWdZ.js                     11.18 kB │ gzip:   3.03 kB │ map:     24.61 kB
docs/assets/DataPage-FXkJfW0L.js                     13.62 kB │ gzip:   3.71 kB │ map:     31.22 kB
docs/assets/AnalyticsPage-D0NGvAuM.js                13.96 kB │ gzip:   3.72 kB │ map:     35.30 kB
docs/assets/EnhancedCharts-CpuBsu6Q.js               14.31 kB │ gzip:   3.57 kB │ map:     49.88 kB
docs/assets/LogsPage-DFH3OskP.js                     16.03 kB │ gzip:   4.76 kB │ map:     47.70 kB
docs/assets/SettingsPage-BzSBR6vo.js                 16.08 kB │ gzip:   3.75 kB │ map:     36.22 kB
docs/assets/DatasetGallery-CyJadZwu.js               16.66 kB │ gzip:   4.93 kB │ map:     41.22 kB
docs/assets/MonitoringPage-ik8JxTi3.js               16.91 kB │ gzip:   4.28 kB │ map:     40.93 kB
docs/assets/UltimatePersianDashboard-CUXqrPhQ.js     16.98 kB │ gzip:   4.41 kB │ map:     41.42 kB
docs/assets/Overview-D9ZGiPhq.js                     17.00 kB │ gzip:   4.70 kB │ map:     42.66 kB
docs/assets/EnhancedDashboard-qACQ1NXD.js            21.03 kB │ gzip:   4.64 kB │ map:     49.31 kB
docs/assets/TrainingManagement-wwofsXt5.js           21.20 kB │ gzip:   5.59 kB │ map:     59.45 kB
docs/assets/api-CWMsErSS.js                          50.05 kB │ gzip:  13.20 kB │ map:    287.49 kB
docs/assets/ui-hhOHoCd5.js                          132.10 kB │ gzip:  43.12 kB │ map:    701.74 kB
docs/assets/ProjectDownloader-Bg_Q5tag.js           135.61 kB │ gzip:  40.58 kB │ map:    294.96 kB
docs/assets/index-CgsAhLV4.js                       138.96 kB │ gzip:  38.55 kB │ map:    747.51 kB
docs/assets/vendor-ugrJR1sR.js                      140.17 kB │ gzip:  45.32 kB │ map:    348.36 kB
docs/assets/charts-qPDaDVJS.js                      341.57 kB │ gzip:  97.64 kB │ map:  1,680.70 kB
docs/assets/tensorflow-DZGbYn8l.js                1,475.09 kB │ gzip: 238.72 kB │ map: 13,052.77 kB

(!) Some chunks are larger than 500 kB after minification. Consider:
- Using dynamic import() to code-split the application
- Use build.rollupOptions.output.manualChunks to improve chunking: https://rollupjs.org/configuration-options/#output-manualchunks
- Adjust chunk size limit for this warning via build.chunkSizeWarningLimit.
✓ built in 21.36s
